7/2/2010 9:28:35 AM][Window Changed][KeyLogPC][
7/2/2010 9:28:38 AM][Window Changed][HP Total Care Advisor][
7/2/2010 9:28:39 AM][Window Changed][Program Manager][
7/2/2010 9:50:41 AM][Window Changed][Start][
7/2/2010 9:50:41 AM][Window Changed][Start Menu][
7/2/2010 9:50:45 AM][k][
7/2/2010 9:50:45 AM][k][
7/2/2010 9:50:45 AM][k][
7/2/2010 9:50:45 AM][k][
7/2/2010 9:50:45 AM][k][
7/2/2010 9:50:45 AM][k][
7/2/2010 9:51:11 AM][k][{ENTER}{{BR}}
7/2/2010 9:51:11 AM][k][
7/2/2010 9:51:12 AM][Window Changed][Untitled - Google Chrome][
7/2/2010 9:51:13 AM][Window Changed][Google - Google Chrome][
7/2/2010 9:51:16 AM][k][m
7/2/2010 9:51:17 AM][k][
7/2/2010 9:51:17 AM][k][a
7/2/2010 9:51:17 AM][k][
7/2/2010 9:51:17 AM][k][n
7/2/2010 9:51:18 AM][k][
7/2/2010 9:51:18 AM][k][j
7/2/2010 9:51:18 AM][k][
7/2/2010 9:51:18 AM][k][u
7/2/2010 9:51:18 AM][k][
7/2/2010 9:51:22 AM][Window Changed][Manjula's Kitchen | Indian Vegetarian Recipes - Google Chrome][
7/2/2010 9:51:38 AM][Window Changed][Appetizers | Manjula's Kitchen | Indian Vegetarian Recipes - Google Chrome][
7/2/2010 9:51:46 AM][Window Changed][Appetizers | Manjula's Kitchen | Indian Vegetarian Recipes - Part 2 - Google Chrome][
7/2/2010 9:52:03 AM][Window Changed][Beverages | Manjula's Kitchen | Indian Vegetarian Recipes - Google Chrome][
7/2/2010 9:52:16 AM][Window Changed][Dry Vegetables | Manjula's Kitchen | Indian Vegetarian Recipes - Google Chrome][
7/2/2010 9:52:24 AM][Window Changed][Baingan Bharta (Eggplant) | Manjula's Kitchen | Indian Vegetarian Recipes - Google Chrome][
7/2/2010 9:53:07 AM][Window Changed][Subji (Vegetables) | Manjula's Kitchen | Indian Vegetarian Recipes - Google Chrome][
7/2/2010 9:53:26 AM][Window Changed][Miscellaneous | Manjula's Kitchen | Indian Vegetarian Recipes - Google Chrome][
7/2/2010 9:53:47 AM][Window Changed][How To Make Yogurt | Manjula's Kitchen | Indian Vegetarian Recipes - Google Chrome][
7/2/2010 9:54:54 AM][Window Changed][Snacks | Manjula's Kitchen | Indian Vegetarian Recipes - Google Chrome][
7/2/2010 9:55:00 AM][Window Changed][Ads by Google - Google Chrome][
7/2/2010 9:55:23 AM][Window Changed][Spices | Manjula's Kitchen | Indian Vegetarian Recipes - Google Chrome][
7/2/2010 9:55:48 AM][Window Changed][Rice | Manjula's Kitchen | Indian Vegetarian Recipes - Google Chrome][
7/2/2010 9:56:02 AM][Window Changed][Zucchini Rice | Manjula's Kitchen | Indian Vegetarian Recipes - Google Chrome][
7/2/2010 9:56:35 AM][Window Changed][Vegan | Manjula's Kitchen | Indian Vegetarian Recipes - Google Chrome][
7/2/2010 9:56:57 AM][Window Changed][New Tab - Google Chrome][
7/2/2010 9:57:04 AM][k][s
7/2/2010 9:57:04 AM][k][
7/2/2010 9:57:07 AM][Window Changed][Sindhi Rasoi - Unique Collection of Traditional home cooked Food Recipes - Sindhi Recipes - Food Blog - Google Chrome][
7/2/2010 9:57:20 AM][Window Changed][Dal/Legumes/Pulses | Sindhi Rasoi - Google Chrome][
7/2/2010 9:57:31 AM][Window Changed][A healthy meal | Sindhi Rasoi - Google Chrome][
7/2/2010 9:57:39 AM][Window Changed][Curries/Vegetables | Sindhi Rasoi - Google Chrome][
7/2/2010 9:57:45 AM][Window Changed][Just For You Event | Sindhi Rasoi - Google Chrome][
7/2/2010 9:57:59 AM][Window Changed][Recipe Index | Sindhi Rasoi - Google Chrome][
7/2/2010 9:58:45 AM][Window Changed][Bartho~Eggplant chutney,Just for Me | Sindhi Rasoi - Google Chrome][
7/2/2010 9:59:45 AM][Window Changed][Planning a Menu | Manjula's Kitchen | Indian Vegetarian Recipes - Google Chrome][
